<?xml version="1.0" encoding="UTF-8"?>
<testsuite name="com.bridgelabz.genericsmaximumproblem.MaximumNumberTest" tests="1" skipped="0" failures="0" errors="0" timestamp="2020-08-31T18:33:35" hostname="LAPTOP-CKOAUDG5" time="0.003">
  <properties/>
  <testcase name="givenMaxFloatNumber_whenInThirdPosition_shouldReturnSame" classname="com.bridgelabz.genericsmaximumproblem.MaximumNumberTest" time="0.003"/>
  <system-out><![CDATA[]]></system-out>
  <system-err><![CDATA[]]></system-err>
</testsuite>
